<?xml version="1.0" encoding="UTF-8"?>
<testng-results ignored="0" total="1" passed="1" failed="0" skipped="0">
  <reporter-output>
  </reporter-output>
  <suite started-at="2024-08-14T01:32:09 IST" name="Default suite" finished-at="2024-08-14T01:32:20 IST" duration-ms="10322">
    <groups>
      <group name="cucumber">
        <method signature="AbstractTestNGCucumberTests.runScenario(io.cucumber.testng.PickleWrapper,io.cucumber.testng.FeatureWrapper)[pri:0, instance:EVALUATIONrunner.runner@7d9d0818]" name="runScenario" class="io.cucumber.testng.AbstractTestNGCucumberTests"/>
      </group> <!-- cucumber -->
    </groups>
    <test started-at="2024-08-14T01:32:09 IST" name="Default test" finished-at="2024-08-14T01:32:20 IST" duration-ms="10322">
      <class name="EVALUATIONrunner.runner">
        <test-method is-config="true" signature="setUpClass(org.testng.ITestContext)[pri:0, instance:EVALUATIONrunner.runner@7d9d0818]" started-at="2024-08-14T01:32:09 IST" name="setUpClass" finished-at="2024-08-14T01:32:09 IST" duration-ms="128" status="PASS">
          <params>
            <param index="0">
              <value>
                <![CDATA[org.testng.TestRunner@4aaae508]]>
              </value>
            </param>
          </params>
          <reporter-output>
          </reporter-output>
        </test-method> <!-- setUpClass -->
        <test-method signature="runScenario(io.cucumber.testng.PickleWrapper,io.cucumber.testng.FeatureWrapper)[pri:0, instance:EVALUATIONrunner.runner@7d9d0818]" started-at="2024-08-14T01:32:09 IST" name="runScenario" description="Runs Cucumber Scenarios" data-provider="scenarios" finished-at="2024-08-14T01:32:20 IST" duration-ms="10161" status="PASS">
          <params>
            <param index="0">
              <value>
                <![CDATA["Automating the Advanced Search Feature on eBay using java Cucumber"]]>
              </value>
            </param>
            <param index="1">
              <value>
                <![CDATA["EVALUATION3"]]>
              </value>
            </param>
          </params>
          <reporter-output>
          </reporter-output>
        </test-method> <!-- runScenario -->
        <test-method is-config="true" signature="tearDownClass()[pri:0, instance:EVALUATIONrunner.runner@7d9d0818]" started-at="2024-08-14T01:32:20 IST" name="tearDownClass" finished-at="2024-08-14T01:32:20 IST" duration-ms="1" status="PASS">
          <reporter-output>
          </reporter-output>
        </test-method> <!-- tearDownClass -->
      </class> <!-- EVALUATIONrunner.runner -->
    </test> <!-- Default test -->
  </suite> <!-- Default suite -->
</testng-results>
